

Started GET "/" for ::1 at 2015-09-03 16:09:12 +0200
Processing by Rails::WelcomeController#index as HTML
  Rendered /Users/magnus/.gem/ruby/2.1.5/gems/railties-4.2.4/lib/rails/templates/rails/welcome/index.html.erb (1.9ms)
Completed 200 OK in 8ms (Views: 8.0ms)


Started GET "/assets/application.js" for ::1 at 2015-09-03 16:09:21 +0200


Started GET "/assets/application.js" for ::1 at 2015-09-03 16:14:29 +0200


Started GET "/assets/application.js" for ::1 at 2015-09-03 16:14:30 +0200


Started GET "/assets/application.js" for ::1 at 2015-09-03 16:16:15 +0200


Started GET "/assets/application.js" for ::1 at 2015-09-03 16:16:29 +0200


Started GET "/assets/application.js" for ::1 at 2015-09-03 16:18:37 +0200


Started GET "/assets/application.js" for ::1 at 2015-09-03 16:18:38 +0200


Started GET "/assets/application.js" for ::1 at 2015-09-03 16:19:59 +0200


Started GET "/assets/application.js" for ::1 at 2015-09-03 16:21:45 +0200


Started GET "/assets/application.js" for ::1 at 2015-09-03 16:22:00 +0200


Started GET "/assets/application.js" for ::1 at 2015-09-03 16:27:34 +0200


Started GET "/assets/application.js" for ::1 at 2015-09-03 16:27:35 +0200


Started GET "/assets/application.js" for ::1 at 2015-09-03 16:27:53 +0200


Started GET "/assets/application.js" for ::1 at 2015-09-03 16:27:54 +0200


Started GET "/assets/application.js" for ::1 at 2015-09-03 16:28:14 +0200


Started GET "/assets/application.js" for 127.0.0.1 at 2015-09-03 16:45:11 +0200


Started GET "/assets/application.js" for 127.0.0.1 at 2015-09-03 16:45:22 +0200


Started GET "/assets/application.js" for 127.0.0.1 at 2015-09-03 16:45:24 +0200


Started GET "/assets/application.js" for 127.0.0.1 at 2015-09-03 16:45:55 +0200


Started GET "/assets/application.js" for 127.0.0.1 at 2015-09-03 16:46:31 +0200


Started GET "/assets/application.js" for 127.0.0.1 at 2015-09-03 16:50:44 +0200


Started GET "/assets/application.js" for 127.0.0.1 at 2015-09-03 16:51:15 +0200


Started GET "/assets/application.js" for ::1 at 2015-09-03 16:51:25 +0200


Started GET "/assets/application.js" for 127.0.0.1 at 2015-09-03 16:52:21 +0200
